I, [2010-09-13T01:03:02.127050 #16747]  INFO -- : WEBrick 1.3.1
I, [2010-09-13T01:03:02.127195 #16747]  INFO -- : ruby 1.9.2 (2010-08-18) [x86_64-darwin10.4.0]
D, [2010-09-13T01:03:02.127428 #16747] DEBUG -- : TCPServer.new(::, 9939)
D, [2010-09-13T01:03:02.127585 #16747] DEBUG -- : TCPServer.new(0.0.0.0, 9939)
I, [2010-09-13T01:03:26.906599 #16759]  INFO -- : WEBrick 1.3.1
I, [2010-09-13T01:03:26.906729 #16759]  INFO -- : ruby 1.9.2 (2010-08-18) [x86_64-darwin10.4.0]
D, [2010-09-13T01:03:26.906976 #16759] DEBUG -- : TCPServer.new(::, 9939)
D, [2010-09-13T01:03:26.907197 #16759] DEBUG -- : TCPServer.new(0.0.0.0, 9939)
I, [2010-09-13T01:07:26.590746 #16869]  INFO -- : [S] Setting up server
I, [2010-09-13T01:07:26.591017 #16869]  INFO -- : WEBrick 1.3.1
I, [2010-09-13T01:07:26.591099 #16869]  INFO -- : ruby 1.9.2 (2010-08-18) [x86_64-darwin10.4.0]
D, [2010-09-13T01:07:26.591268 #16869] DEBUG -- : TCPServer.new(::, 9939)
D, [2010-09-13T01:07:26.591456 #16869] DEBUG -- : TCPServer.new(0.0.0.0, 9939)
I, [2010-09-13T01:07:40.403557 #16877]  INFO -- : [C] setting up client
I, [2010-09-13T01:07:53.848583 #16883]  INFO -- : [C] setting up client
I, [2010-09-13T01:10:07.409560 #16952]  INFO -- : [S] Setting up server
I, [2010-09-13T01:10:07.409836 #16952]  INFO -- : WEBrick 1.3.1
I, [2010-09-13T01:10:07.409916 #16952]  INFO -- : ruby 1.9.2 (2010-08-18) [x86_64-darwin10.4.0]
D, [2010-09-13T01:10:07.410084 #16952] DEBUG -- : TCPServer.new(::, 9939)
D, [2010-09-13T01:10:07.410274 #16952] DEBUG -- : TCPServer.new(0.0.0.0, 9939)
I, [2010-09-13T01:10:09.869319 #16953]  INFO -- : [C] setting up client
I, [2010-09-13T01:10:09.869501 #16953]  INFO -- : [C] calling client.find
E, [2010-09-13T01:10:09.872046 #16953] ERROR -- : Got client controller failure
E, [2010-09-13T01:10:09.872138 #16953] ERROR -- : Response Error: Connection refused - connect(2) (Errno::ECONNREFUSED) (BAD_REQUEST_DATA)
